Using pre-set license
Built from '2021.1/release' branch; Version is '2021.1.4f1 (4cd64a618c1b) revision 5035594'; Using compiler version '192528614'; Build Type 'Release'
OS: 'Windows 10 Pro; OS build 19043.1110; Version 2009; 64bit' Language: 'tr' Physical Memory: 6091 MB
BatchMode: 1, IsHumanControllingUs: 0, StartBugReporterOnCrash: 0, Is64bit: 1, IsPro: 0

 COMMAND LINE ARGUMENTS:
C:\Program Files\Unity\Hub\Editor\2021.1.4f1\Editor\Unity.exe
-adb2
-batchMode
-noUpm
-name
AssetImportWorker0
-projectPath
C:/Users/harun808/TossomOkeyTavla
-logFile
Logs/AssetImportWorker0.log
-srvPort
49870
Successfully changed project path to: C:/Users/harun808/TossomOkeyTavla
C:/Users/harun808/TossomOkeyTavla
Using Asset Import Pipeline V2.
Refreshing native plugins compatible for Editor in 181.01 ms, found 3 plugins.
Preloading 0 native plugins for Editor in 0.00 ms.
Initialize engine version: 2021.1.4f1 (4cd64a618c1b)
[Subsystems] Discovering subsystems at path C:/Program Files/Unity/Hub/Editor/2021.1.4f1/Editor/Data/Resources/UnitySubsystems
[Subsystems] Discovering subsystems at path C:/Users/harun808/TossomOkeyTavla/Assets
GfxDevice: creating device client; threaded=0; jobified=0
Direct3D:
    Version:  Direct3D 11.0 [level 10.1]
    Renderer: Intel(R) HD Graphics 3000 (ID=0x116)
    Vendor:   Intel
    VRAM:     1010 MB
    Driver:   9.17.10.4459
Initialize mono
Mono path[0] = 'C:/Program Files/Unity/Hub/Editor/2021.1.4f1/Editor/Data/Managed'
Mono path[1] = 'C:/Program Files/Unity/Hub/Editor/2021.1.4f1/Editor/Data/MonoBleedingEdge/lib/mono/unityjit'
Mono config path = 'C:/Program Files/Unity/Hub/Editor/2021.1.4f1/Editor/Data/MonoBleedingEdge/etc'
Using monoOptions --debugger-agent=transport=dt_socket,embedding=1,server=y,suspend=n,address=127.0.0.1:56164
Begin MonoManager ReloadAssembly
Registering precompiled unity dll's ...
Register platform support module: C:/Program Files/Unity/Hub/Editor/2021.1.4f1/Editor/Data/PlaybackEngines/WindowsStandaloneSupport/UnityEditor.WindowsStandalone.Extensions.dll
Registered in 0.002990 seconds.
Native extension for WindowsStandalone target not found
Refreshing native plugins compatible for Editor in 214.20 ms, found 3 plugins.
Preloading 0 native plugins for Editor in 0.00 ms.
Mono: successfully reloaded assembly
- Completed reload, in  3.892 seconds
Platform modules already initialized, skipping
Registering precompiled user dll's ...
Registered in 0.014104 seconds.
Begin MonoManager ReloadAssembly
Native extension for WindowsStandalone target not found
Refreshing native plugins compatible for Editor in 1.49 ms, found 3 plugins.
Preloading 0 native plugins for Editor in 0.00 ms.
Find all reader and writers took 218 milliseconds
Script Module: UnityEngine.UI.dll
Weave behaviours and messages took154 milliseconds
Find all reader and writers took 155 milliseconds
Script Module: UnityEngine.TestRunner.dll
Weave behaviours and messages took54 milliseconds
Find all reader and writers took 157 milliseconds
Script Module: SimpleWebTransport.dll
Weave behaviours and messages took24 milliseconds
Find all reader and writers took 164 milliseconds
Script Module: Unity.VisualScripting.State.dll
Weave behaviours and messages took12 milliseconds
Find all reader and writers took 157 milliseconds
Script Module: PlayFab.dll
Weave behaviours and messages took490 milliseconds
Find all reader and writers took 146 milliseconds
Script Module: Unity.VisualScripting.Core.dll
Weave behaviours and messages took281 milliseconds
Find all reader and writers took 154 milliseconds
Script Module: Unity.VisualScripting.Flow.dll
Weave behaviours and messages took162 milliseconds
Find all reader and writers took 218 milliseconds
Script Module: Unity.TextMeshPro.dll
Weave behaviours and messages took157 milliseconds
Find all reader and writers took 146 milliseconds
Script Module: Unity.Timeline.dll
Weave behaviours and messages took52 milliseconds
Find all reader and writers took 167 milliseconds
Script Module: Telepathy.dll
Weave behaviours and messages took8 milliseconds
Find all reader and writers took 146 milliseconds
Script Module: Mirror.Cloud.dll
Weave behaviours and messages took11 milliseconds
Find all reader and writers took 145 milliseconds
Script Module: kcp2k.dll
Weave behaviours and messages took10 milliseconds
Find all reader and writers took 148 milliseconds
Script Module: Mirror.Examples.Cloud.GUI.dll
Weave behaviours and messages took6 milliseconds
Find all reader and writers took 233 milliseconds
Script Module: VSSettingsProvider.dll
Weave behaviours and messages took2 milliseconds
Find all reader and writers took 210 milliseconds
Script Module: UnityEditor.TestRunner.dll
Weave behaviours and messages took82 milliseconds
Find all reader and writers took 251 milliseconds
Script Module: ParrelSync.dll
Weave behaviours and messages took6 milliseconds
Find all reader and writers took 210 milliseconds
Script Module: PlayFabEditorExtensions.dll
Weave behaviours and messages took35 milliseconds
Find all reader and writers took 161 milliseconds
Script Module: Mirror.CompilerSymbols.dll
Weave behaviours and messages took0 milliseconds
Find all reader and writers took 206 milliseconds
Script Module: UnityEditor.UI.dll
Weave behaviours and messages took35 milliseconds
Find all reader and writers took 162 milliseconds
Script Module: PlayFabSDKEditor.dll
Weave behaviours and messages took0 milliseconds
Mono: successfully reloaded assembly
- Completed reload, in 14.720 seconds
Platform modules already initialized, skipping
========================================================================
Worker process is ready to serve import requests
Launched and connected shader compiler UnityShaderCompiler.exe after 0.07 seconds
Refreshing native plugins compatible for Editor in 1.33 ms, found 3 plugins.
Preloading 0 native plugins for Editor in 0.00 ms.
Unloading 3456 Unused Serialized files (Serialized files now loaded: 0)
System memory in use before: 128.2 MB.
System memory in use after: 128.4 MB.

Unloading 33 unused Assets to reduce memory usage. Loaded Objects now: 3904.
Total: 8.886000 ms (FindLiveObjects: 0.537000 ms CreateObjectMapping: 0.300700 ms MarkObjects: 7.887200 ms  DeleteObjects: 0.158300 ms)

========================================================================
Received Import Request.
  path: Assets/Scripts/Controller/PointController.cs
  artifactKey: Guid(f86ef0e7993b488282b88bd41bf304a5) Importer(815301076,1909f56bfc062723c751e8b465ee728b)
Start importing Assets/Scripts/Controller/PointController.cs using Guid(f86ef0e7993b488282b88bd41bf304a5) Importer(815301076,1909f56bfc062723c751e8b465ee728b)  -> (artifact id: 'bba84d8a1b7c2b158792a0bc51a8cf37') in 0.075193 seconds 
========================================================================
Received Import Request.
  Time since last request: 47.511269 seconds.
  path: Assets/Scripts/Controller/PointerHandler.cs
  artifactKey: Guid(086f75a503de1584196ce1a0987310c0) Importer(815301076,1909f56bfc062723c751e8b465ee728b)
Start importing Assets/Scripts/Controller/PointerHandler.cs using Guid(086f75a503de1584196ce1a0987310c0) Importer(815301076,1909f56bfc062723c751e8b465ee728b)  -> (artifact id: '16247e13d6333d6acd94fcce6f4d2b3d') in 0.016491 seconds 
========================================================================
Received Import Request.
  Time since last request: 260.868116 seconds.
  path: Assets/Scripts/Controller/PointerHandler.cs
  artifactKey: Guid(086f75a503de1584196ce1a0987310c0) Importer(815301076,1909f56bfc062723c751e8b465ee728b)
Start importing Assets/Scripts/Controller/PointerHandler.cs using Guid(086f75a503de1584196ce1a0987310c0) Importer(815301076,1909f56bfc062723c751e8b465ee728b)  -> (artifact id: 'cc11c5f95c3755ce400a26cb81d71418') in 0.132388 seconds 
========================================================================
Received Import Request.
  Time since last request: 19.786389 seconds.
  path: Assets/Scripts/Controller/PointerHandler.cs
  artifactKey: Guid(086f75a503de1584196ce1a0987310c0) Importer(815301076,1909f56bfc062723c751e8b465ee728b)
Start importing Assets/Scripts/Controller/PointerHandler.cs using Guid(086f75a503de1584196ce1a0987310c0) Importer(815301076,1909f56bfc062723c751e8b465ee728b)  -> (artifact id: '31b2f020c48fef1c3ad9cf61f73cece1') in 0.088702 seconds 
========================================================================
Received Import Request.
  Time since last request: 19.144862 seconds.
  path: Assets/Scripts/Controller/PointerHandler.cs
  artifactKey: Guid(086f75a503de1584196ce1a0987310c0) Importer(815301076,1909f56bfc062723c751e8b465ee728b)
Start importing Assets/Scripts/Controller/PointerHandler.cs using Guid(086f75a503de1584196ce1a0987310c0) Importer(815301076,1909f56bfc062723c751e8b465ee728b)  -> (artifact id: '7c964eee20c9e1c51106339c228faa07') in 0.041072 seconds 
========================================================================
Received Import Request.
  Time since last request: 23.465862 seconds.
  path: Assets/Scripts/Controller/PointerHandler.cs
  artifactKey: Guid(086f75a503de1584196ce1a0987310c0) Importer(815301076,1909f56bfc062723c751e8b465ee728b)
Start importing Assets/Scripts/Controller/PointerHandler.cs using Guid(086f75a503de1584196ce1a0987310c0) Importer(815301076,1909f56bfc062723c751e8b465ee728b)  -> (artifact id: '9962df509c732ddcd62825e530a7504c') in 0.014958 seconds 
========================================================================
Received Import Request.
  Time since last request: 13.895501 seconds.
  path: Assets/Scripts/Controller/PointerHandler.cs
  artifactKey: Guid(086f75a503de1584196ce1a0987310c0) Importer(815301076,1909f56bfc062723c751e8b465ee728b)
Start importing Assets/Scripts/Controller/PointerHandler.cs using Guid(086f75a503de1584196ce1a0987310c0) Importer(815301076,1909f56bfc062723c751e8b465ee728b)  -> (artifact id: 'a961e88f2afc47ce570844608618db6c') in 0.012822 seconds 
========================================================================
Received Prepare
Registering precompiled user dll's ...
Registered in 0.197306 seconds.
Begin MonoManager ReloadAssembly
Native extension for WindowsStandalone target not found
Refreshing native plugins compatible for Editor in 1.25 ms, found 3 plugins.
Preloading 0 native plugins for Editor in 0.00 ms.
Mono: successfully reloaded assembly
- Completed reload, in  2.477 seconds
Platform modules already initialized, skipping
Refreshing native plugins compatible for Editor in 1.31 ms, found 3 plugins.
Preloading 0 native plugins for Editor in 0.00 ms.
Unloading 3437 Unused Serialized files (Serialized files now loaded: 0)
System memory in use before: 126.9 MB.
System memory in use after: 127.1 MB.

Unloading 25 unused Assets to reduce memory usage. Loaded Objects now: 3909.
Total: 4.624600 ms (FindLiveObjects: 0.404200 ms CreateObjectMapping: 0.280700 ms MarkObjects: 3.838900 ms  DeleteObjects: 0.098700 ms)

========================================================================
Received Prepare
Registering precompiled user dll's ...
Registered in 0.016355 seconds.
Begin MonoManager ReloadAssembly
Native extension for WindowsStandalone target not found
Refreshing native plugins compatible for Editor in 1.42 ms, found 3 plugins.
Preloading 0 native plugins for Editor in 0.00 ms.
Mono: successfully reloaded assembly
- Completed reload, in  3.179 seconds
Platform modules already initialized, skipping
Refreshing native plugins compatible for Editor in 2.66 ms, found 3 plugins.
Preloading 0 native plugins for Editor in 0.00 ms.
Unloading 3437 Unused Serialized files (Serialized files now loaded: 0)
System memory in use before: 127.0 MB.
System memory in use after: 127.2 MB.

Unloading 25 unused Assets to reduce memory usage. Loaded Objects now: 3913.
Total: 8.244200 ms (FindLiveObjects: 1.208000 ms CreateObjectMapping: 0.432100 ms MarkObjects: 6.452000 ms  DeleteObjects: 0.148400 ms)

AssetImportWorkerClient::OnTransportError - code=2 error=End of file
