Using pre-set license
Built from '2021.1/release' branch; Version is '2021.1.4f1 (4cd64a618c1b) revision 5035594'; Using compiler version '192528614'; Build Type 'Release'
OS: 'Windows 10 Pro; OS build 19043.1023; Version 2009; 64bit' Language: 'tr' Physical Memory: 6091 MB
BatchMode: 1, IsHumanControllingUs: 0, StartBugReporterOnCrash: 0, Is64bit: 1, IsPro: 0

 COMMAND LINE ARGUMENTS:
C:\Program Files\Unity\Hub\Editor\2021.1.4f1\Editor\Unity.exe
-adb2
-batchMode
-noUpm
-name
AssetImportWorker0
-projectPath
C:/Users/harun808/TossomOkeyTavla
-logFile
Logs/AssetImportWorker0.log
-srvPort
57077
Successfully changed project path to: C:/Users/harun808/TossomOkeyTavla
C:/Users/harun808/TossomOkeyTavla
Using Asset Import Pipeline V2.
Refreshing native plugins compatible for Editor in 180.25 ms, found 1 plugins.
Preloading 0 native plugins for Editor in 0.00 ms.
Initialize engine version: 2021.1.4f1 (4cd64a618c1b)
[Subsystems] Discovering subsystems at path C:/Program Files/Unity/Hub/Editor/2021.1.4f1/Editor/Data/Resources/UnitySubsystems
[Subsystems] Discovering subsystems at path C:/Users/harun808/TossomOkeyTavla/Assets
GfxDevice: creating device client; threaded=0; jobified=0
Direct3D:
    Version:  Direct3D 11.0 [level 10.1]
    Renderer: Intel(R) HD Graphics 3000 (ID=0x116)
    Vendor:   Intel
    VRAM:     1010 MB
    Driver:   9.17.10.4459
Initialize mono
Mono path[0] = 'C:/Program Files/Unity/Hub/Editor/2021.1.4f1/Editor/Data/Managed'
Mono path[1] = 'C:/Program Files/Unity/Hub/Editor/2021.1.4f1/Editor/Data/MonoBleedingEdge/lib/mono/unityjit'
Mono config path = 'C:/Program Files/Unity/Hub/Editor/2021.1.4f1/Editor/Data/MonoBleedingEdge/etc'
Using monoOptions --debugger-agent=transport=dt_socket,embedding=1,server=y,suspend=n,address=127.0.0.1:56732
Begin MonoManager ReloadAssembly
Registering precompiled unity dll's ...
Register platform support module: C:/Program Files/Unity/Hub/Editor/2021.1.4f1/Editor/Data/PlaybackEngines/WindowsStandaloneSupport/UnityEditor.WindowsStandalone.Extensions.dll
Registered in 0.003632 seconds.
Native extension for WindowsStandalone target not found
Refreshing native plugins compatible for Editor in 158.82 ms, found 1 plugins.
Preloading 0 native plugins for Editor in 0.00 ms.
Mono: successfully reloaded assembly
- Completed reload, in  9.022 seconds
Platform modules already initialized, skipping
Registering precompiled user dll's ...
Registered in 0.009326 seconds.
Begin MonoManager ReloadAssembly
Native extension for WindowsStandalone target not found
Refreshing native plugins compatible for Editor in 1.11 ms, found 1 plugins.
Preloading 0 native plugins for Editor in 0.00 ms.
Find all reader and writers took 282 milliseconds
Script Module: UnityEngine.UI.dll
Weave behaviours and messages took222 milliseconds
Find all reader and writers took 221 milliseconds
Script Module: UnityEngine.TestRunner.dll
Weave behaviours and messages took62 milliseconds
Find all reader and writers took 201 milliseconds
Script Module: SimpleWebTransport.dll
Weave behaviours and messages took13 milliseconds
Find all reader and writers took 204 milliseconds
Script Module: Unity.VisualScripting.State.dll
Weave behaviours and messages took13 milliseconds
Find all reader and writers took 227 milliseconds
Script Module: Unity.VisualScripting.Core.dll
Weave behaviours and messages took324 milliseconds
Find all reader and writers took 195 milliseconds
Script Module: Unity.VisualScripting.Flow.dll
Weave behaviours and messages took228 milliseconds
Find all reader and writers took 219 milliseconds
Script Module: Unity.TextMeshPro.dll
Weave behaviours and messages took189 milliseconds
Find all reader and writers took 192 milliseconds
Script Module: Unity.Timeline.dll
Weave behaviours and messages took70 milliseconds
Find all reader and writers took 182 milliseconds
Script Module: Telepathy.dll
Weave behaviours and messages took11 milliseconds
Find all reader and writers took 184 milliseconds
Script Module: Assembly-CSharp.dll
[Controller] NetworkBehaviourProcessor
[Controller] Found NetworkBehaviour Controller
[Controller] Process Start
Players has invalid type. Use SyncLists instead of arrays (at UnityEngine.GameObject[] Controller::Players)
UnityEngine.StackTraceUtility:ExtractStackTrace ()
UnityEngine.DebugLogHandler:LogFormat (UnityEngine.LogType,UnityEngine.Object,string,object[])
UnityEngine.Logger:Log (UnityEngine.LogType,object)
UnityEngine.Debug:LogError (object)
Mirror.Weaver.CompilationFinishedHook:HandleError (string) (at Assets/Mirror/Editor/Weaver/CompilationFinishedHook.cs:35)
Mirror.Weaver.Weaver:Error (string,Mono.CecilX.MemberReference) (at Assets/Mirror/Editor/Weaver/Weaver.cs:68)
Mirror.Weaver.SyncVarProcessor:ProcessSyncVars (Mono.CecilX.TypeDefinition) (at Assets/Mirror/Editor/Weaver/Processors/SyncVarProcessor.cs:367)
Mirror.Weaver.NetworkBehaviourProcessor:Process () (at Assets/Mirror/Editor/Weaver/Processors/NetworkBehaviourProcessor.cs:72)
Mirror.Weaver.Weaver:WeaveNetworkBehavior (Mono.CecilX.TypeDefinition) (at Assets/Mirror/Editor/Weaver/Weaver.cs:125)
Mirror.Weaver.Weaver:WeaveModule (Mono.CecilX.ModuleDefinition) (at Assets/Mirror/Editor/Weaver/Weaver.cs:143)
Mirror.Weaver.Weaver:Weave (string,System.Collections.Generic.IEnumerable`1<string>) (at Assets/Mirror/Editor/Weaver/Weaver.cs:216)
Mirror.Weaver.Weaver:WeaveAssembly (string,System.Collections.Generic.IEnumerable`1<string>) (at Assets/Mirror/Editor/Weaver/Weaver.cs:247)
Mirror.Weaver.CompilationFinishedHook:OnCompilationFinished (string,UnityEditor.Compilation.CompilerMessage[]) (at Assets/Mirror/Editor/Weaver/CompilationFinishedHook.cs:142)
Mirror.Weaver.CompilationFinishedHook:WeaveExistingAssemblies () (at Assets/Mirror/Editor/Weaver/CompilationFinishedHook.cs:62)
Mirror.Weaver.CompilationFinishedHook:OnInitializeOnLoad () (at Assets/Mirror/Editor/Weaver/CompilationFinishedHook.cs:52)

(Filename: Assets/Mirror/Editor/Weaver/CompilationFinishedHook.cs Line: 35)

[NManager] NetworkBehaviourProcessor
[NManager] Found NetworkBehaviour NManager
[NManager] Process Start
[Player] NetworkBehaviourProcessor
[Player] Found NetworkBehaviour Player
[Player] Process Start
Weave behaviours and messages took47 milliseconds
Weaving failed for: Library/ScriptAssemblies/Assembly-CSharp.dll
UnityEngine.StackTraceUtility:ExtractStackTrace ()
UnityEngine.DebugLogHandler:LogFormat (UnityEngine.LogType,UnityEngine.Object,string,object[])
UnityEngine.Logger:Log (UnityEngine.LogType,object)
UnityEngine.Debug:LogError (object)
Mirror.Weaver.CompilationFinishedHook:OnCompilationFinished (string,UnityEditor.Compilation.CompilerMessage[]) (at Assets/Mirror/Editor/Weaver/CompilationFinishedHook.cs:146)
Mirror.Weaver.CompilationFinishedHook:WeaveExistingAssemblies () (at Assets/Mirror/Editor/Weaver/CompilationFinishedHook.cs:62)
Mirror.Weaver.CompilationFinishedHook:OnInitializeOnLoad () (at Assets/Mirror/Editor/Weaver/CompilationFinishedHook.cs:52)

(Filename: Assets/Mirror/Editor/Weaver/CompilationFinishedHook.cs Line: 146)

Find all reader and writers took 265 milliseconds
Script Module: Mirror.Cloud.dll
Weave behaviours and messages took10 milliseconds
Find all reader and writers took 241 milliseconds
Script Module: kcp2k.dll
Weave behaviours and messages took16 milliseconds
Find all reader and writers took 185 milliseconds
Script Module: Mirror.Examples.Cloud.GUI.dll
Weave behaviours and messages took9 milliseconds
Find all reader and writers took 213 milliseconds
Script Module: VSSettingsProvider.dll
Weave behaviours and messages took3 milliseconds
Find all reader and writers took 237 milliseconds
Script Module: UnityEditor.TestRunner.dll
Weave behaviours and messages took98 milliseconds
Find all reader and writers took 186 milliseconds
Script Module: Mirror.CompilerSymbols.dll
Weave behaviours and messages took0 milliseconds
Find all reader and writers took 221 milliseconds
Script Module: UnityEditor.UI.dll
Weave behaviours and messages took33 milliseconds
Mono: successfully reloaded assembly
- Completed reload, in 14.222 seconds
Platform modules already initialized, skipping
========================================================================
Worker process is ready to serve import requests
Launched and connected shader compiler UnityShaderCompiler.exe after 0.10 seconds
Refreshing native plugins compatible for Editor in 1.01 ms, found 1 plugins.
Preloading 0 native plugins for Editor in 0.00 ms.
Unloading 3005 Unused Serialized files (Serialized files now loaded: 0)
System memory in use before: 108.9 MB.
System memory in use after: 109.1 MB.

Unloading 23 unused Assets to reduce memory usage. Loaded Objects now: 3459.
Total: 16.161800 ms (FindLiveObjects: 0.308800 ms CreateObjectMapping: 0.171700 ms MarkObjects: 15.554600 ms  DeleteObjects: 0.124000 ms)

========================================================================
Received Import Request.
  path: Assets/Scripts/NManager.cs
  artifactKey: Guid(f7288f354d8d53745964ef13d0d1532d) Importer(815301076,1909f56bfc062723c751e8b465ee728b)
Start importing Assets/Scripts/NManager.cs using Guid(f7288f354d8d53745964ef13d0d1532d) Importer(815301076,1909f56bfc062723c751e8b465ee728b)  -> (artifact id: '54774232e33419cab84a490bf4d3946b') in 0.091663 seconds 
========================================================================
Received Prepare
Registering precompiled user dll's ...
Registered in 0.010970 seconds.
Begin MonoManager ReloadAssembly
Native extension for WindowsStandalone target not found
Refreshing native plugins compatible for Editor in 1.48 ms, found 1 plugins.
Preloading 0 native plugins for Editor in 0.00 ms.
Mono: successfully reloaded assembly
- Completed reload, in  2.396 seconds
Platform modules already initialized, skipping
Refreshing native plugins compatible for Editor in 1.16 ms, found 1 plugins.
Preloading 0 native plugins for Editor in 0.00 ms.
Unloading 3000 Unused Serialized files (Serialized files now loaded: 0)
System memory in use before: 109.0 MB.
System memory in use after: 109.2 MB.

Unloading 15 unused Assets to reduce memory usage. Loaded Objects now: 3462.
Total: 4.337600 ms (FindLiveObjects: 0.441500 ms CreateObjectMapping: 0.268500 ms MarkObjects: 3.508200 ms  DeleteObjects: 0.116500 ms)

========================================================================
Received Prepare
Registering precompiled user dll's ...
Registered in 0.013161 seconds.
Begin MonoManager ReloadAssembly
Native extension for WindowsStandalone target not found
Refreshing native plugins compatible for Editor in 1.33 ms, found 1 plugins.
Preloading 0 native plugins for Editor in 0.00 ms.
Mono: successfully reloaded assembly
- Completed reload, in  2.836 seconds
Platform modules already initialized, skipping
Refreshing native plugins compatible for Editor in 1.01 ms, found 1 plugins.
Preloading 0 native plugins for Editor in 0.00 ms.
Unloading 3000 Unused Serialized files (Serialized files now loaded: 0)
System memory in use before: 109.0 MB.
System memory in use after: 109.2 MB.

Unloading 15 unused Assets to reduce memory usage. Loaded Objects now: 3465.
Total: 4.410100 ms (FindLiveObjects: 0.487300 ms CreateObjectMapping: 0.226000 ms MarkObjects: 3.575900 ms  DeleteObjects: 0.117700 ms)

========================================================================
Received Prepare
Registering precompiled user dll's ...
Registered in 0.010318 seconds.
Begin MonoManager ReloadAssembly
Native extension for WindowsStandalone target not found
Refreshing native plugins compatible for Editor in 1.15 ms, found 1 plugins.
Preloading 0 native plugins for Editor in 0.00 ms.
Mono: successfully reloaded assembly
- Completed reload, in  2.364 seconds
Platform modules already initialized, skipping
Refreshing native plugins compatible for Editor in 0.94 ms, found 1 plugins.
Preloading 0 native plugins for Editor in 0.00 ms.
Unloading 3000 Unused Serialized files (Serialized files now loaded: 0)
System memory in use before: 109.0 MB.
System memory in use after: 109.2 MB.

Unloading 15 unused Assets to reduce memory usage. Loaded Objects now: 3468.
Total: 4.297600 ms (FindLiveObjects: 0.391900 ms CreateObjectMapping: 0.308500 ms MarkObjects: 3.518700 ms  DeleteObjects: 0.075900 ms)

========================================================================
Received Prepare
Registering precompiled user dll's ...
Registered in 0.008844 seconds.
Begin MonoManager ReloadAssembly
Native extension for WindowsStandalone target not found
Refreshing native plugins compatible for Editor in 0.93 ms, found 1 plugins.
Preloading 0 native plugins for Editor in 0.00 ms.
Mono: successfully reloaded assembly
- Completed reload, in  2.158 seconds
Platform modules already initialized, skipping
Refreshing native plugins compatible for Editor in 1.09 ms, found 1 plugins.
Preloading 0 native plugins for Editor in 0.00 ms.
Unloading 3000 Unused Serialized files (Serialized files now loaded: 0)
System memory in use before: 109.1 MB.
System memory in use after: 109.3 MB.

Unloading 15 unused Assets to reduce memory usage. Loaded Objects now: 3471.
Total: 3.578800 ms (FindLiveObjects: 0.285400 ms CreateObjectMapping: 0.137700 ms MarkObjects: 3.078100 ms  DeleteObjects: 0.075800 ms)

========================================================================
Received Import Request.
  Time since last request: 2217.351537 seconds.
  path: Assets/Scripts/Controller.cs
  artifactKey: Guid(438ae15dd293d5649b22710679edb8bc) Importer(815301076,1909f56bfc062723c751e8b465ee728b)
Start importing Assets/Scripts/Controller.cs using Guid(438ae15dd293d5649b22710679edb8bc) Importer(815301076,1909f56bfc062723c751e8b465ee728b)  -> (artifact id: 'd08bb4608f781360ad4c6f359a595ed7') in 0.018009 seconds 
========================================================================
Received Prepare
Registering precompiled user dll's ...
Registered in 0.008360 seconds.
Begin MonoManager ReloadAssembly
Native extension for WindowsStandalone target not found
Refreshing native plugins compatible for Editor in 0.92 ms, found 1 plugins.
Preloading 0 native plugins for Editor in 0.00 ms.
Mono: successfully reloaded assembly
- Completed reload, in  1.901 seconds
Platform modules already initialized, skipping
Refreshing native plugins compatible for Editor in 0.84 ms, found 1 plugins.
Preloading 0 native plugins for Editor in 0.00 ms.
Unloading 3000 Unused Serialized files (Serialized files now loaded: 0)
System memory in use before: 109.1 MB.
System memory in use after: 109.3 MB.

Unloading 15 unused Assets to reduce memory usage. Loaded Objects now: 3474.
Total: 3.417000 ms (FindLiveObjects: 0.437800 ms CreateObjectMapping: 0.166300 ms MarkObjects: 2.711100 ms  DeleteObjects: 0.099100 ms)

========================================================================
Received Prepare
Registering precompiled user dll's ...
Registered in 0.007103 seconds.
Begin MonoManager ReloadAssembly
Native extension for WindowsStandalone target not found
Refreshing native plugins compatible for Editor in 0.89 ms, found 1 plugins.
Preloading 0 native plugins for Editor in 0.00 ms.
Mono: successfully reloaded assembly
- Completed reload, in  1.624 seconds
Platform modules already initialized, skipping
Refreshing native plugins compatible for Editor in 0.87 ms, found 1 plugins.
Preloading 0 native plugins for Editor in 0.00 ms.
Unloading 3000 Unused Serialized files (Serialized files now loaded: 0)
System memory in use before: 109.1 MB.
System memory in use after: 109.3 MB.

Unloading 15 unused Assets to reduce memory usage. Loaded Objects now: 3477.
Total: 3.897200 ms (FindLiveObjects: 0.445100 ms CreateObjectMapping: 0.174000 ms MarkObjects: 3.195600 ms  DeleteObjects: 0.079900 ms)

AssetImportWorkerClient::OnTransportError - code=2 error=End of file
