Using pre-set license
Built from '2021.1/release' branch; Version is '2021.1.4f1 (4cd64a618c1b) revision 5035594'; Using compiler version '192528614'; Build Type 'Release'
OS: 'Windows 10 Pro; OS build 19043.1023; Version 2009; 64bit' Language: 'tr' Physical Memory: 6091 MB
BatchMode: 1, IsHumanControllingUs: 0, StartBugReporterOnCrash: 0, Is64bit: 1, IsPro: 0

 COMMAND LINE ARGUMENTS:
C:\Program Files\Unity\Hub\Editor\2021.1.4f1\Editor\Unity.exe
-adb2
-batchMode
-noUpm
-name
AssetImportWorker1
-projectPath
C:/Users/harun808/TossomOkeyTavla
-logFile
Logs/AssetImportWorker1.log
-srvPort
49718
Successfully changed project path to: C:/Users/harun808/TossomOkeyTavla
C:/Users/harun808/TossomOkeyTavla
Using Asset Import Pipeline V2.
Refreshing native plugins compatible for Editor in 126.69 ms, found 1 plugins.
Preloading 0 native plugins for Editor in 0.00 ms.
Initialize engine version: 2021.1.4f1 (4cd64a618c1b)
[Subsystems] Discovering subsystems at path C:/Program Files/Unity/Hub/Editor/2021.1.4f1/Editor/Data/Resources/UnitySubsystems
[Subsystems] Discovering subsystems at path C:/Users/harun808/TossomOkeyTavla/Assets
GfxDevice: creating device client; threaded=0; jobified=0
Direct3D:
    Version:  Direct3D 11.0 [level 10.1]
    Renderer: Intel(R) HD Graphics 3000 (ID=0x116)
    Vendor:   Intel
    VRAM:     1010 MB
    Driver:   9.17.10.4459
Initialize mono
Mono path[0] = 'C:/Program Files/Unity/Hub/Editor/2021.1.4f1/Editor/Data/Managed'
Mono path[1] = 'C:/Program Files/Unity/Hub/Editor/2021.1.4f1/Editor/Data/MonoBleedingEdge/lib/mono/unityjit'
Mono config path = 'C:/Program Files/Unity/Hub/Editor/2021.1.4f1/Editor/Data/MonoBleedingEdge/etc'
Using monoOptions --debugger-agent=transport=dt_socket,embedding=1,server=y,suspend=n,address=127.0.0.1:56176
Begin MonoManager ReloadAssembly
Registering precompiled unity dll's ...
Register platform support module: C:/Program Files/Unity/Hub/Editor/2021.1.4f1/Editor/Data/PlaybackEngines/WindowsStandaloneSupport/UnityEditor.WindowsStandalone.Extensions.dll
Registered in 0.002859 seconds.
Native extension for WindowsStandalone target not found
Refreshing native plugins compatible for Editor in 122.64 ms, found 1 plugins.
Preloading 0 native plugins for Editor in 0.00 ms.
Mono: successfully reloaded assembly
- Completed reload, in  2.968 seconds
Platform modules already initialized, skipping
Registering precompiled user dll's ...
Registered in 0.004883 seconds.
Begin MonoManager ReloadAssembly
Native extension for WindowsStandalone target not found
Refreshing native plugins compatible for Editor in 0.82 ms, found 1 plugins.
Preloading 0 native plugins for Editor in 0.00 ms.
Mono: successfully reloaded assembly
- Completed reload, in  1.916 seconds
Platform modules already initialized, skipping
========================================================================
Worker process is ready to serve import requests
Launched and connected shader compiler UnityShaderCompiler.exe after 0.14 seconds
Refreshing native plugins compatible for Editor in 0.79 ms, found 1 plugins.
Preloading 0 native plugins for Editor in 0.00 ms.
Unloading 2743 Unused Serialized files (Serialized files now loaded: 0)
System memory in use before: 100.6 MB.
System memory in use after: 100.8 MB.

Unloading 18 unused Assets to reduce memory usage. Loaded Objects now: 3200.
Total: 3.392400 ms (FindLiveObjects: 0.284900 ms CreateObjectMapping: 0.144700 ms MarkObjects: 2.857000 ms  DeleteObjects: 0.103500 ms)

========================================================================
Received Import Request.
  path: Assets/Scripts/Stone.cs
  artifactKey: Guid(1c25c9c9fafb54e4785af84894cfe71a) Importer(815301076,1909f56bfc062723c751e8b465ee728b)
Start importing Assets/Scripts/Stone.cs using Guid(1c25c9c9fafb54e4785af84894cfe71a) Importer(815301076,1909f56bfc062723c751e8b465ee728b)  -> (artifact id: 'c8c3f538d0d85fbf0bdda1240a09ce40') in 0.058180 seconds 
========================================================================
Received Import Request.
  Time since last request: 0.000535 seconds.
  path: Assets/Scripts/Controller.cs
  artifactKey: Guid(438ae15dd293d5649b22710679edb8bc) Importer(815301076,1909f56bfc062723c751e8b465ee728b)
Start importing Assets/Scripts/Controller.cs using Guid(438ae15dd293d5649b22710679edb8bc) Importer(815301076,1909f56bfc062723c751e8b465ee728b)  -> (artifact id: '72e7afa174dc6b6f1c0e3c84bc431b86') in 0.022420 seconds 
========================================================================
Received Prepare
Registering precompiled user dll's ...
Registered in 0.005982 seconds.
Begin MonoManager ReloadAssembly
Native extension for WindowsStandalone target not found
Refreshing native plugins compatible for Editor in 1.02 ms, found 1 plugins.
Preloading 0 native plugins for Editor in 0.00 ms.
Mono: successfully reloaded assembly
- Completed reload, in  2.250 seconds
Platform modules already initialized, skipping
Refreshing native plugins compatible for Editor in 0.86 ms, found 1 plugins.
Preloading 0 native plugins for Editor in 0.00 ms.
Unloading 2738 Unused Serialized files (Serialized files now loaded: 0)
System memory in use before: 100.6 MB.
System memory in use after: 100.8 MB.

Unloading 10 unused Assets to reduce memory usage. Loaded Objects now: 3203.
Total: 4.891400 ms (FindLiveObjects: 0.309900 ms CreateObjectMapping: 0.187900 ms MarkObjects: 4.271600 ms  DeleteObjects: 0.119100 ms)

========================================================================
Received Prepare
Registering precompiled user dll's ...
Registered in 0.008720 seconds.
Begin MonoManager ReloadAssembly
Native extension for WindowsStandalone target not found
Refreshing native plugins compatible for Editor in 0.80 ms, found 1 plugins.
Preloading 0 native plugins for Editor in 0.00 ms.
Mono: successfully reloaded assembly
- Completed reload, in  1.887 seconds
Platform modules already initialized, skipping
Refreshing native plugins compatible for Editor in 1.78 ms, found 1 plugins.
Preloading 0 native plugins for Editor in 0.00 ms.
Unloading 2738 Unused Serialized files (Serialized files now loaded: 0)
System memory in use before: 100.6 MB.
System memory in use after: 100.8 MB.

Unloading 10 unused Assets to reduce memory usage. Loaded Objects now: 3206.
Total: 5.849000 ms (FindLiveObjects: 0.734500 ms CreateObjectMapping: 0.282000 ms MarkObjects: 4.721300 ms  DeleteObjects: 0.108600 ms)

========================================================================
Received Import Request.
  Time since last request: 631.146242 seconds.
  path: Assets/Scripts/Controller.cs
  artifactKey: Guid(438ae15dd293d5649b22710679edb8bc) Importer(815301076,1909f56bfc062723c751e8b465ee728b)
Start importing Assets/Scripts/Controller.cs using Guid(438ae15dd293d5649b22710679edb8bc) Importer(815301076,1909f56bfc062723c751e8b465ee728b)  -> (artifact id: 'ec89b83af6b1f7946d2271e959a43314') in 0.016216 seconds 
========================================================================
Received Prepare
Registering precompiled user dll's ...
Registered in 0.005546 seconds.
Begin MonoManager ReloadAssembly
Native extension for WindowsStandalone target not found
Refreshing native plugins compatible for Editor in 0.78 ms, found 1 plugins.
Preloading 0 native plugins for Editor in 0.00 ms.
Mono: successfully reloaded assembly
- Completed reload, in  1.784 seconds
Platform modules already initialized, skipping
Refreshing native plugins compatible for Editor in 1.11 ms, found 1 plugins.
Preloading 0 native plugins for Editor in 0.00 ms.
Unloading 2738 Unused Serialized files (Serialized files now loaded: 0)
System memory in use before: 100.7 MB.
System memory in use after: 100.9 MB.

Unloading 10 unused Assets to reduce memory usage. Loaded Objects now: 3209.
Total: 5.204500 ms (FindLiveObjects: 0.456100 ms CreateObjectMapping: 0.239700 ms MarkObjects: 4.404700 ms  DeleteObjects: 0.101500 ms)

========================================================================
Received Import Request.
  Time since last request: 110.636769 seconds.
  path: Assets/Scripts/Controller.cs
  artifactKey: Guid(438ae15dd293d5649b22710679edb8bc) Importer(815301076,1909f56bfc062723c751e8b465ee728b)
Start importing Assets/Scripts/Controller.cs using Guid(438ae15dd293d5649b22710679edb8bc) Importer(815301076,1909f56bfc062723c751e8b465ee728b)  -> (artifact id: 'b46cf92f2bbf35f2fb9149628a14c1ba') in 0.018866 seconds 
========================================================================
Received Prepare
Registering precompiled user dll's ...
Registered in 0.005689 seconds.
Begin MonoManager ReloadAssembly
Native extension for WindowsStandalone target not found
Refreshing native plugins compatible for Editor in 0.80 ms, found 1 plugins.
Preloading 0 native plugins for Editor in 0.00 ms.
Mono: successfully reloaded assembly
- Completed reload, in  1.727 seconds
Platform modules already initialized, skipping
Refreshing native plugins compatible for Editor in 0.86 ms, found 1 plugins.
Preloading 0 native plugins for Editor in 0.00 ms.
Unloading 2738 Unused Serialized files (Serialized files now loaded: 0)
System memory in use before: 100.7 MB.
System memory in use after: 100.9 MB.

Unloading 10 unused Assets to reduce memory usage. Loaded Objects now: 3212.
Total: 6.282100 ms (FindLiveObjects: 0.504300 ms CreateObjectMapping: 0.852800 ms MarkObjects: 4.784500 ms  DeleteObjects: 0.137200 ms)

========================================================================
Received Import Request.
  Time since last request: 254.494721 seconds.
  path: Assets/Scripts/Controller.cs
  artifactKey: Guid(438ae15dd293d5649b22710679edb8bc) Importer(815301076,1909f56bfc062723c751e8b465ee728b)
Start importing Assets/Scripts/Controller.cs using Guid(438ae15dd293d5649b22710679edb8bc) Importer(815301076,1909f56bfc062723c751e8b465ee728b)  -> (artifact id: 'a740d047e253ea6ad521784e1a87a2af') in 0.017779 seconds 
========================================================================
Received Prepare
Registering precompiled user dll's ...
Registered in 0.022093 seconds.
Begin MonoManager ReloadAssembly
Native extension for WindowsStandalone target not found
Refreshing native plugins compatible for Editor in 2.84 ms, found 1 plugins.
Preloading 0 native plugins for Editor in 0.00 ms.
Mono: successfully reloaded assembly
- Completed reload, in  7.131 seconds
Platform modules already initialized, skipping
Refreshing native plugins compatible for Editor in 2.56 ms, found 1 plugins.
Preloading 0 native plugins for Editor in 0.00 ms.
Unloading 2738 Unused Serialized files (Serialized files now loaded: 0)
System memory in use before: 100.7 MB.
System memory in use after: 100.9 MB.

Unloading 10 unused Assets to reduce memory usage. Loaded Objects now: 3215.
Total: 13.731300 ms (FindLiveObjects: 1.785000 ms CreateObjectMapping: 1.330900 ms MarkObjects: 10.482700 ms  DeleteObjects: 0.125400 ms)

========================================================================
Received Prepare
Registering precompiled user dll's ...
Registered in 0.005332 seconds.
Begin MonoManager ReloadAssembly
Native extension for WindowsStandalone target not found
Refreshing native plugins compatible for Editor in 0.84 ms, found 1 plugins.
Preloading 0 native plugins for Editor in 0.00 ms.
Mono: successfully reloaded assembly
- Completed reload, in  2.641 seconds
Platform modules already initialized, skipping
Refreshing native plugins compatible for Editor in 0.84 ms, found 1 plugins.
Preloading 0 native plugins for Editor in 0.00 ms.
Unloading 2738 Unused Serialized files (Serialized files now loaded: 0)
System memory in use before: 100.7 MB.
System memory in use after: 100.9 MB.

Unloading 10 unused Assets to reduce memory usage. Loaded Objects now: 3218.
Total: 3.585300 ms (FindLiveObjects: 0.342400 ms CreateObjectMapping: 0.164200 ms MarkObjects: 2.992200 ms  DeleteObjects: 0.084400 ms)

========================================================================
Received Prepare
Registering precompiled user dll's ...
Registered in 0.008481 seconds.
Begin MonoManager ReloadAssembly
Native extension for WindowsStandalone target not found
Refreshing native plugins compatible for Editor in 2.10 ms, found 1 plugins.
Preloading 0 native plugins for Editor in 0.00 ms.
Mono: successfully reloaded assembly
- Completed reload, in  3.577 seconds
Platform modules already initialized, skipping
Refreshing native plugins compatible for Editor in 2.49 ms, found 1 plugins.
Preloading 0 native plugins for Editor in 0.00 ms.
Unloading 2738 Unused Serialized files (Serialized files now loaded: 0)
System memory in use before: 100.7 MB.
System memory in use after: 100.9 MB.

Unloading 10 unused Assets to reduce memory usage. Loaded Objects now: 3221.
Total: 7.396100 ms (FindLiveObjects: 0.947800 ms CreateObjectMapping: 0.231200 ms MarkObjects: 5.884700 ms  DeleteObjects: 0.326800 ms)

========================================================================
Received Prepare
Registering precompiled user dll's ...
Registered in 0.014456 seconds.
Begin MonoManager ReloadAssembly
Native extension for WindowsStandalone target not found
Refreshing native plugins compatible for Editor in 2.56 ms, found 1 plugins.
Preloading 0 native plugins for Editor in 0.00 ms.
Mono: successfully reloaded assembly
- Completed reload, in  4.974 seconds
Platform modules already initialized, skipping
Refreshing native plugins compatible for Editor in 2.02 ms, found 1 plugins.
Preloading 0 native plugins for Editor in 0.00 ms.
Unloading 2738 Unused Serialized files (Serialized files now loaded: 0)
System memory in use before: 100.7 MB.
System memory in use after: 100.9 MB.

Unloading 10 unused Assets to reduce memory usage. Loaded Objects now: 3224.
Total: 11.831500 ms (FindLiveObjects: 1.302100 ms CreateObjectMapping: 0.571200 ms MarkObjects: 9.630700 ms  DeleteObjects: 0.317300 ms)

========================================================================
Received Prepare
Registering precompiled user dll's ...
Registered in 0.007634 seconds.
Begin MonoManager ReloadAssembly
Native extension for WindowsStandalone target not found
Refreshing native plugins compatible for Editor in 2.27 ms, found 1 plugins.
Preloading 0 native plugins for Editor in 0.00 ms.
Mono: successfully reloaded assembly
- Completed reload, in  3.653 seconds
Platform modules already initialized, skipping
Refreshing native plugins compatible for Editor in 2.37 ms, found 1 plugins.
Preloading 0 native plugins for Editor in 0.00 ms.
Unloading 2738 Unused Serialized files (Serialized files now loaded: 0)
System memory in use before: 100.7 MB.
System memory in use after: 100.9 MB.

Unloading 10 unused Assets to reduce memory usage. Loaded Objects now: 3227.
Total: 12.778500 ms (FindLiveObjects: 0.970400 ms CreateObjectMapping: 0.783600 ms MarkObjects: 10.741600 ms  DeleteObjects: 0.276800 ms)

========================================================================
Received Prepare
Registering precompiled user dll's ...
Registered in 0.022836 seconds.
Begin MonoManager ReloadAssembly
Native extension for WindowsStandalone target not found
Refreshing native plugins compatible for Editor in 2.99 ms, found 1 plugins.
Preloading 0 native plugins for Editor in 0.00 ms.
Mono: successfully reloaded assembly
- Completed reload, in  3.734 seconds
Platform modules already initialized, skipping
Refreshing native plugins compatible for Editor in 1.95 ms, found 1 plugins.
Preloading 0 native plugins for Editor in 0.00 ms.
Unloading 2738 Unused Serialized files (Serialized files now loaded: 0)
System memory in use before: 100.7 MB.
System memory in use after: 100.9 MB.

Unloading 10 unused Assets to reduce memory usage. Loaded Objects now: 3230.
Total: 11.338200 ms (FindLiveObjects: 1.964700 ms CreateObjectMapping: 0.618900 ms MarkObjects: 8.382300 ms  DeleteObjects: 0.364900 ms)

========================================================================
Received Prepare
Registering precompiled user dll's ...
Registered in 0.025901 seconds.
Begin MonoManager ReloadAssembly
Native extension for WindowsStandalone target not found
Refreshing native plugins compatible for Editor in 6.53 ms, found 1 plugins.
Preloading 0 native plugins for Editor in 0.00 ms.
Mono: successfully reloaded assembly
- Completed reload, in  4.011 seconds
Platform modules already initialized, skipping
Refreshing native plugins compatible for Editor in 2.63 ms, found 1 plugins.
Preloading 0 native plugins for Editor in 0.00 ms.
Unloading 2738 Unused Serialized files (Serialized files now loaded: 0)
System memory in use before: 100.7 MB.
System memory in use after: 100.9 MB.

Unloading 10 unused Assets to reduce memory usage. Loaded Objects now: 3233.
Total: 8.132000 ms (FindLiveObjects: 1.047000 ms CreateObjectMapping: 0.763400 ms MarkObjects: 6.005700 ms  DeleteObjects: 0.307800 ms)

========================================================================
Received Prepare
Registering precompiled user dll's ...
Registered in 0.004574 seconds.
Begin MonoManager ReloadAssembly
Native extension for WindowsStandalone target not found
Refreshing native plugins compatible for Editor in 1.19 ms, found 1 plugins.
Preloading 0 native plugins for Editor in 0.00 ms.
Mono: successfully reloaded assembly
- Completed reload, in  1.749 seconds
Platform modules already initialized, skipping
Refreshing native plugins compatible for Editor in 0.78 ms, found 1 plugins.
Preloading 0 native plugins for Editor in 0.00 ms.
Unloading 2738 Unused Serialized files (Serialized files now loaded: 0)
System memory in use before: 100.7 MB.
System memory in use after: 100.9 MB.

Unloading 10 unused Assets to reduce memory usage. Loaded Objects now: 3236.
Total: 3.306700 ms (FindLiveObjects: 0.289600 ms CreateObjectMapping: 0.141000 ms MarkObjects: 2.796400 ms  DeleteObjects: 0.078000 ms)

========================================================================
Received Prepare
Registering precompiled user dll's ...
Registered in 0.006251 seconds.
Begin MonoManager ReloadAssembly
Native extension for WindowsStandalone target not found
Refreshing native plugins compatible for Editor in 0.86 ms, found 1 plugins.
Preloading 0 native plugins for Editor in 0.00 ms.
Mono: successfully reloaded assembly
- Completed reload, in  2.128 seconds
Platform modules already initialized, skipping
Refreshing native plugins compatible for Editor in 1.16 ms, found 1 plugins.
Preloading 0 native plugins for Editor in 0.00 ms.
Unloading 2738 Unused Serialized files (Serialized files now loaded: 0)
System memory in use before: 100.7 MB.
System memory in use after: 100.9 MB.

Unloading 10 unused Assets to reduce memory usage. Loaded Objects now: 3239.
Total: 3.751200 ms (FindLiveObjects: 0.297300 ms CreateObjectMapping: 0.156900 ms MarkObjects: 3.212800 ms  DeleteObjects: 0.081800 ms)

========================================================================
Received Prepare
Registering precompiled user dll's ...
Registered in 0.008483 seconds.
Begin MonoManager ReloadAssembly
Native extension for WindowsStandalone target not found
Refreshing native plugins compatible for Editor in 0.85 ms, found 1 plugins.
Preloading 0 native plugins for Editor in 0.00 ms.
Mono: successfully reloaded assembly
- Completed reload, in  2.182 seconds
Platform modules already initialized, skipping
Refreshing native plugins compatible for Editor in 0.85 ms, found 1 plugins.
Preloading 0 native plugins for Editor in 0.00 ms.
Unloading 2738 Unused Serialized files (Serialized files now loaded: 0)
System memory in use before: 100.7 MB.
System memory in use after: 100.9 MB.

Unloading 10 unused Assets to reduce memory usage. Loaded Objects now: 3242.
Total: 3.572400 ms (FindLiveObjects: 0.287200 ms CreateObjectMapping: 0.161800 ms MarkObjects: 3.033900 ms  DeleteObjects: 0.087000 ms)

========================================================================
Received Prepare
Registering precompiled user dll's ...
Registered in 0.006704 seconds.
Begin MonoManager ReloadAssembly
Native extension for WindowsStandalone target not found
Refreshing native plugins compatible for Editor in 6.07 ms, found 1 plugins.
Preloading 0 native plugins for Editor in 0.00 ms.
Mono: successfully reloaded assembly
- Completed reload, in  3.457 seconds
Platform modules already initialized, skipping
Refreshing native plugins compatible for Editor in 2.42 ms, found 1 plugins.
Preloading 0 native plugins for Editor in 0.00 ms.
Unloading 2738 Unused Serialized files (Serialized files now loaded: 0)
System memory in use before: 100.8 MB.
System memory in use after: 101.0 MB.

Unloading 10 unused Assets to reduce memory usage. Loaded Objects now: 3245.
Total: 8.144200 ms (FindLiveObjects: 0.962000 ms CreateObjectMapping: 0.539600 ms MarkObjects: 6.419900 ms  DeleteObjects: 0.217500 ms)

========================================================================
Received Prepare
Registering precompiled user dll's ...
Registered in 0.008009 seconds.
Begin MonoManager ReloadAssembly
Native extension for WindowsStandalone target not found
Refreshing native plugins compatible for Editor in 0.96 ms, found 1 plugins.
Preloading 0 native plugins for Editor in 0.00 ms.
Mono: successfully reloaded assembly
- Completed reload, in  2.718 seconds
Platform modules already initialized, skipping
Refreshing native plugins compatible for Editor in 0.85 ms, found 1 plugins.
Preloading 0 native plugins for Editor in 0.00 ms.
Unloading 2738 Unused Serialized files (Serialized files now loaded: 0)
System memory in use before: 100.8 MB.
System memory in use after: 101.0 MB.

Unloading 10 unused Assets to reduce memory usage. Loaded Objects now: 3248.
Total: 5.321600 ms (FindLiveObjects: 0.292300 ms CreateObjectMapping: 0.165800 ms MarkObjects: 4.755800 ms  DeleteObjects: 0.104800 ms)

========================================================================
Received Prepare
Registering precompiled user dll's ...
Registered in 0.006338 seconds.
Begin MonoManager ReloadAssembly
Native extension for WindowsStandalone target not found
Refreshing native plugins compatible for Editor in 3.15 ms, found 1 plugins.
Preloading 0 native plugins for Editor in 0.00 ms.
Mono: successfully reloaded assembly
- Completed reload, in  2.478 seconds
Platform modules already initialized, skipping
Refreshing native plugins compatible for Editor in 1.04 ms, found 1 plugins.
Preloading 0 native plugins for Editor in 0.00 ms.
Unloading 2738 Unused Serialized files (Serialized files now loaded: 0)
System memory in use before: 100.8 MB.
System memory in use after: 101.0 MB.

Unloading 10 unused Assets to reduce memory usage. Loaded Objects now: 3251.
Total: 5.206700 ms (FindLiveObjects: 0.288300 ms CreateObjectMapping: 0.161100 ms MarkObjects: 4.654600 ms  DeleteObjects: 0.100000 ms)

========================================================================
Received Prepare
Registering precompiled user dll's ...
Registered in 0.007538 seconds.
Begin MonoManager ReloadAssembly
Native extension for WindowsStandalone target not found
Refreshing native plugins compatible for Editor in 0.84 ms, found 1 plugins.
Preloading 0 native plugins for Editor in 0.00 ms.
Mono: successfully reloaded assembly
- Completed reload, in  2.014 seconds
Platform modules already initialized, skipping
Refreshing native plugins compatible for Editor in 0.85 ms, found 1 plugins.
Preloading 0 native plugins for Editor in 0.00 ms.
Unloading 2738 Unused Serialized files (Serialized files now loaded: 0)
System memory in use before: 100.9 MB.
System memory in use after: 101.1 MB.

Unloading 10 unused Assets to reduce memory usage. Loaded Objects now: 3254.
Total: 15.737700 ms (FindLiveObjects: 1.925300 ms CreateObjectMapping: 1.041400 ms MarkObjects: 12.662600 ms  DeleteObjects: 0.103700 ms)

========================================================================
Received Import Request.
  Time since last request: 2464.885247 seconds.
  path: Assets/stone.prefab
  artifactKey: Guid(70e8fbea8988f3741b8ea3bdb6850165) Importer(815301076,1909f56bfc062723c751e8b465ee728b)
Start importing Assets/stone.prefab using Guid(70e8fbea8988f3741b8ea3bdb6850165) Importer(815301076,1909f56bfc062723c751e8b465ee728b)  -> (artifact id: 'ef28dfeab914cf67d5fc883a80c03c06') in 0.288685 seconds 
